# Logfile created on 2012-12-20 16:00:44 +0800 by logger.rb/31641
Compiled jquery.js  (2ms)  (pid 35251)
Compiled jquery_ujs.js  (0ms)  (pid 35251)
Compiled jqueryplugin/ajaxupload.js  (0ms)  (pid 35251)
Compiled jqueryplugin/facebox.js  (0ms)  (pid 35251)
Compiled jqueryplugin/jquery.date_input.pack.js  (0ms)  (pid 35251)
Compiled jqueryplugin/jquery.filestyle.mini.js  (0ms)  (pid 35251)
Compiled jqueryplugin/jquery.pngfix.js  (0ms)  (pid 35251)
Compiled jqueryplugin/jquery.select_skin.js  (0ms)  (pid 35251)
Compiled jqueryplugin/jquery.tablesorter.min.js  (0ms)  (pid 35251)
Compiled jqueryplugin/jquery.visualize.js  (0ms)  (pid 35251)
Compiled jqueryplugin/jquery.visualize.tooltip.js  (0ms)  (pid 35251)
Compiled jqueryplugin/jquery.wysiwyg.js  (0ms)  (pid 35251)
Compiled application.js  (138ms)  (pid 35251)
Compiled licensemanager/licenses/form.js  (0ms)  (pid 35251)
Compiled licensemanager/licenses/index.js  (0ms)  (pid 35251)
Compiled licensemanager/products/form.js  (0ms)  (pid 35251)
Compiled licensemanager/products/index.js  (0ms)  (pid 35251)
Compiled licensemanager/system_configs/form.js  (84ms)  (pid 35251)
Compiled licensemanager/system_configs/system_configs.js  (4ms)  (pid 35251)
Compiled licensemanager/users/form.js  (0ms)  (pid 35251)
Compiled licensemanager/users/index.js  (0ms)  (pid 35251)
Compiled licensemanager/users/login.js  (0ms)  (pid 35251)
Compiled licensemanager/users/update_password.js  (0ms)  (pid 35251)
Compiled date_input.css  (0ms)  (pid 35251)
Compiled facebox.css  (0ms)  (pid 35251)
Compiled jquery.wysiwyg.css  (0ms)  (pid 35251)
Compiled licenses.css  (5ms)  (pid 35251)
Compiled products.css  (1ms)  (pid 35251)
Compiled scaffolds.css  (0ms)  (pid 35251)
Compiled style.css  (0ms)  (pid 35251)
Compiled system_configs.css  (1ms)  (pid 35251)
Compiled users.css  (1ms)  (pid 35251)
Compiled visualize.css  (0ms)  (pid 35251)
Compiled application.css  (77ms)  (pid 35251)
Compiled jquery.js  (3ms)  (pid 35251)
Compiled jquery_ujs.js  (0ms)  (pid 35251)
Compiled jqueryplugin/ajaxupload.js  (0ms)  (pid 35251)
Compiled jqueryplugin/facebox.js  (0ms)  (pid 35251)
Compiled jqueryplugin/jquery.date_input.pack.js  (0ms)  (pid 35251)
Compiled jqueryplugin/jquery.filestyle.mini.js  (0ms)  (pid 35251)
Compiled jqueryplugin/jquery.pngfix.js  (0ms)  (pid 35251)
Compiled jqueryplugin/jquery.select_skin.js  (0ms)  (pid 35251)
Compiled jqueryplugin/jquery.tablesorter.min.js  (0ms)  (pid 35251)
Compiled jqueryplugin/jquery.visualize.js  (0ms)  (pid 35251)
Compiled jqueryplugin/jquery.visualize.tooltip.js  (0ms)  (pid 35251)
Compiled jqueryplugin/jquery.wysiwyg.js  (0ms)  (pid 35251)
Compiled application.js  (101ms)  (pid 35251)
Compiled licensemanager/licenses/form.js  (0ms)  (pid 35251)
Compiled licensemanager/licenses/index.js  (0ms)  (pid 35251)
Compiled licensemanager/products/form.js  (0ms)  (pid 35251)
Compiled licensemanager/products/index.js  (0ms)  (pid 35251)
Compiled licensemanager/system_configs/form.js  (79ms)  (pid 35251)
Compiled licensemanager/system_configs/system_configs.js  (3ms)  (pid 35251)
Compiled licensemanager/users/form.js  (0ms)  (pid 35251)
Compiled licensemanager/users/index.js  (0ms)  (pid 35251)
Compiled licensemanager/users/login.js  (0ms)  (pid 35251)
Compiled licensemanager/users/update_password.js  (0ms)  (pid 35251)
Compiled date_input.css  (0ms)  (pid 35251)
Compiled facebox.css  (0ms)  (pid 35251)
Compiled jquery.wysiwyg.css  (0ms)  (pid 35251)
Compiled licenses.css  (34ms)  (pid 35251)
Compiled products.css  (1ms)  (pid 35251)
Compiled scaffolds.css  (1ms)  (pid 35251)
Compiled style.css  (0ms)  (pid 35251)
Compiled system_configs.css  (1ms)  (pid 35251)
Compiled users.css  (2ms)  (pid 35251)
Compiled visualize.css  (0ms)  (pid 35251)
Compiled application.css  (111ms)  (pid 35251)
